<?xml version="1.0" encoding="UTF-8"?>
<testng-results total="1" passed="1" failed="0" skipped="0">
  <reporter-output>
  </reporter-output>
  <suite started-at="2020-12-28T04:18:02Z" name="Default suite" finished-at="2020-12-28T04:19:38Z" duration-ms="96852">
    <groups>
    </groups>
    <test started-at="2020-12-28T04:18:02Z" name="Default test" finished-at="2020-12-28T04:19:38Z" duration-ms="96852">
      <class name="testsuites.KhanTest">
        <test-method is-config="true" signature="setUp()[pri:0, instance:testsuites.KhanTest@de70297d]" started-at="2020-12-28T09:48:02Z" name="setUp" finished-at="2020-12-28T09:49:05Z" duration-ms="63589" status="PASS">
          <reporter-output>
          </reporter-output>
        </test-method> <!-- setUp -->
        <test-method signature="selectLanguageTest()[pri:0, instance:testsuites.KhanTest@de70297d]" started-at="2020-12-28T09:49:05Z" name="selectLanguageTest" finished-at="2020-12-28T09:49:38Z" duration-ms="33215" status="PASS">
          <reporter-output>
          </reporter-output>
        </test-method> <!-- selectLanguageTest -->
        <test-method is-config="true" signature="tearDown()[pri:0, instance:testsuites.KhanTest@de70297d]" started-at="2020-12-28T09:49:38Z" name="tearDown" finished-at="2020-12-28T09:49:38Z" duration-ms="0" status="FAIL">
          <exception class="java.lang.NullPointerException">
            <full-stacktrace>
              <![CDATA[java.lang.NullPointerException
	at testsuites.KhanTest.tearDown(KhanTest.java:65)
	at java.base/jdk.internal.reflect.NativeMethodAccessorImpl.invoke0(Native Method)
	at java.base/jdk.internal.reflect.NativeMethodAccessorImpl.invoke(NativeMethodAccessorImpl.java:62)
	at java.base/jdk.internal.reflect.DelegatingMethodAccessorImpl.invoke(DelegatingMethodAccessorImpl.java:43)
	at java.base/java.lang.reflect.Method.invoke(Method.java:566)
	at org.testng.internal.MethodInvocationHelper.invokeMethod(MethodInvocationHelper.java:80)
	at org.testng.internal.Invoker.invokeConfigurationMethod(Invoker.java:564)
	at org.testng.internal.Invoker.invokeConfigurations(Invoker.java:213)
	at org.testng.internal.Invoker.invokeConfigurations(Invoker.java:138)
	at org.testng.TestRunner.afterRun(TestRunner.java:1021)
	at org.testng.TestRunner.run(TestRunner.java:621)
	at org.testng.SuiteRunner.runTest(SuiteRunner.java:334)
	at org.testng.SuiteRunner.runSequentially(SuiteRunner.java:329)
	at org.testng.SuiteRunner.privateRun(SuiteRunner.java:291)
	at org.testng.SuiteRunner.run(SuiteRunner.java:240)
	at org.testng.SuiteRunnerWorker.runSuite(SuiteRunnerWorker.java:52)
	at org.testng.SuiteRunnerWorker.run(SuiteRunnerWorker.java:86)
	at org.testng.TestNG.runSuitesSequentially(TestNG.java:1198)
	at org.testng.TestNG.runSuitesLocally(TestNG.java:1123)
	at org.testng.TestNG.run(TestNG.java:1031)
	at org.testng.remote.AbstractRemoteTestNG.run(AbstractRemoteTestNG.java:114)
	at org.testng.remote.RemoteTestNG.initAndRun(RemoteTestNG.java:251)
	at org.testng.remote.RemoteTestNG.main(RemoteTestNG.java:77)
]]>
            </full-stacktrace>
          </exception> <!-- java.lang.NullPointerException -->
          <reporter-output>
          </reporter-output>
        </test-method> <!-- tearDown -->
      </class> <!-- testsuites.KhanTest -->
    </test> <!-- Default test -->
  </suite> <!-- Default suite -->
</testng-results>
